<?xml version="1.0" encoding="UTF-8"?>
<!-- Generated by org.testng.reporters.JUnitXMLReporter -->
<testsuite hostname="DESKTOP-7JPU924" name="Test" tests="9" failures="1" timestamp="11 Dec 2019 12:59:36 GMT" time="27.436" errors="0">
  <testcase name="verifydresspagenavigation" time="11.581" classname="com.autonewtest.pages.Dress_Testpage"/>
  <testcase name="verifysize" time="0.502" classname="com.autonewtest.pages.Dress_Testpage"/>
  <testcase name="button" time="3.783" classname="com.autonewtest.pages.subscription_Test"/>
  <testcase name="home" time="1.672" classname="com.autonewtest.pages.subscription_Test"/>
  <testcase name="newsletter" time="0.002" classname="com.autonewtest.pages.subscription_Test">
    <failure type="java.lang.NullPointerException">
      <![CDATA[java.lang.NullPointerException
	at com.autonewtest.pages.subscription_Test.newsletter(subscription_Test.java:35)
... Removed 24 stack frames]]>
    </failure>
  </testcase> <!-- newsletter -->
  <testcase name="subscription" time="2.201" classname="com.autonewtest.pages.subscription_Test"/>
  <testcase name="getDresses" time="3.15" classname="com.autonewtest.pages.Tab_Testpage"/>
  <testcase name="getTshirts" time="1.853" classname="com.autonewtest.pages.Tab_Testpage"/>
  <testcase name="getWomen" time="2.456" classname="com.autonewtest.pages.Tab_Testpage"/>
</testsuite> <!-- Test -->
