<?xml version="1.0" encoding="UTF-8"?>
<testng-results skipped="0" failed="1" total="9" passed="8">
  <reporter-output>
  </reporter-output>
  <suite name="Suite" duration-ms="27436" started-at="2019-12-11T12:59:08Z" finished-at="2019-12-11T12:59:35Z">
    <groups>
    </groups>
    <test name="Test" duration-ms="27436" started-at="2019-12-11T12:59:08Z" finished-at="2019-12-11T12:59:35Z">
      <class name="com.autonewtest.pages.Tab_Testpage">
        <test-method status="PASS" signature="getDresses()[pri:0, instance:com.autonewtest.pages.Tab_Testpage@55a147cc]" name="getDresses" duration-ms="3150" started-at="2019-12-11T18:29:28Z" finished-at="2019-12-11T18:29:31Z">
          <reporter-output>
          </reporter-output>
        </test-method> <!-- getDresses -->
        <test-method status="PASS" signature="getTshirts()[pri:0, instance:com.autonewtest.pages.Tab_Testpage@55a147cc]" name="getTshirts" duration-ms="1853" started-at="2019-12-11T18:29:31Z" finished-at="2019-12-11T18:29:33Z">
          <reporter-output>
          </reporter-output>
        </test-method> <!-- getTshirts -->
        <test-method status="PASS" signature="getWomen()[pri:0, instance:com.autonewtest.pages.Tab_Testpage@55a147cc]" name="getWomen" duration-ms="2456" started-at="2019-12-11T18:29:33Z" finished-at="2019-12-11T18:29:35Z">
          <reporter-output>
          </reporter-output>
        </test-method> <!-- getWomen -->
      </class> <!-- com.autonewtest.pages.Tab_Testpage -->
      <class name="com.autonewtest.pages.subscription_Test">
        <test-method status="PASS" signature="button()[pri:0, instance:com.autonewtest.pages.subscription_Test@1a942c18]" name="button" duration-ms="3783" started-at="2019-12-11T18:29:20Z" finished-at="2019-12-11T18:29:24Z">
          <reporter-output>
          </reporter-output>
        </test-method> <!-- button -->
        <test-method status="PASS" signature="home()[pri:0, instance:com.autonewtest.pages.subscription_Test@1a942c18]" name="home" duration-ms="1672" started-at="2019-12-11T18:29:24Z" finished-at="2019-12-11T18:29:25Z">
          <reporter-output>
          </reporter-output>
        </test-method> <!-- home -->
        <test-method status="FAIL" signature="newsletter()[pri:0, instance:com.autonewtest.pages.subscription_Test@1a942c18]" name="newsletter" duration-ms="2" started-at="2019-12-11T18:29:25Z" finished-at="2019-12-11T18:29:25Z">
          <exception class="java.lang.NullPointerException">
            <full-stacktrace>
              <![CDATA[java.lang.NullPointerException
	at com.autonewtest.pages.subscription_Test.newsletter(subscription_Test.java:35)
	at sun.reflect.NativeMethodAccessorImpl.invoke0(Native Method)
	at sun.reflect.NativeMethodAccessorImpl.invoke(NativeMethodAccessorImpl.java:62)
	at sun.reflect.DelegatingMethodAccessorImpl.invoke(DelegatingMethodAccessorImpl.java:43)
	at java.lang.reflect.Method.invoke(Method.java:498)
	at org.testng.internal.MethodInvocationHelper.invokeMethod(MethodInvocationHelper.java:85)
	at org.testng.internal.Invoker.invokeMethod(Invoker.java:663)
	at org.testng.internal.Invoker.invokeTestMethod(Invoker.java:849)
	at org.testng.internal.Invoker.invokeTestMethods(Invoker.java:1157)
	at org.testng.internal.TestMethodWorker.invokeTestMethods(TestMethodWorker.java:124)
	at org.testng.internal.TestMethodWorker.run(TestMethodWorker.java:108)
	at org.testng.TestRunner.privateRun(TestRunner.java:771)
	at org.testng.TestRunner.run(TestRunner.java:621)
	at org.testng.SuiteRunner.runTest(SuiteRunner.java:357)
	at org.testng.SuiteRunner.runSequentially(SuiteRunner.java:352)
	at org.testng.SuiteRunner.privateRun(SuiteRunner.java:310)
	at org.testng.SuiteRunner.run(SuiteRunner.java:259)
	at org.testng.SuiteRunnerWorker.runSuite(SuiteRunnerWorker.java:52)
	at org.testng.SuiteRunnerWorker.run(SuiteRunnerWorker.java:86)
	at org.testng.TestNG.runSuitesSequentially(TestNG.java:1200)
	at org.testng.TestNG.runSuitesLocally(TestNG.java:1125)
	at org.testng.TestNG.run(TestNG.java:1033)
	at org.testng.remote.RemoteTestNG.run(RemoteTestNG.java:111)
	at org.testng.remote.RemoteTestNG.initAndRun(RemoteTestNG.java:204)
	at org.testng.remote.RemoteTestNG.main(RemoteTestNG.java:175)
]]>
            </full-stacktrace>
          </exception> <!-- java.lang.NullPointerException -->
          <reporter-output>
          </reporter-output>
        </test-method> <!-- newsletter -->
        <test-method status="PASS" signature="subscription()[pri:0, instance:com.autonewtest.pages.subscription_Test@1a942c18]" name="subscription" duration-ms="2201" started-at="2019-12-11T18:29:25Z" finished-at="2019-12-11T18:29:28Z">
          <reporter-output>
          </reporter-output>
        </test-method> <!-- subscription -->
      </class> <!-- com.autonewtest.pages.subscription_Test -->
      <class name="com.autonewtest.pages.Dress_Testpage">
        <test-method status="PASS" signature="verifydresspagenavigation()[pri:0, instance:com.autonewtest.pages.Dress_Testpage@1e0b4072]" name="verifydresspagenavigation" duration-ms="11581" started-at="2019-12-11T18:29:08Z" finished-at="2019-12-11T18:29:19Z">
          <reporter-output>
          </reporter-output>
        </test-method> <!-- verifydresspagenavigation -->
        <test-method status="PASS" signature="verifysize()[pri:0, instance:com.autonewtest.pages.Dress_Testpage@1e0b4072]" name="verifysize" duration-ms="502" started-at="2019-12-11T18:29:19Z" finished-at="2019-12-11T18:29:20Z">
          <reporter-output>
          </reporter-output>
        </test-method> <!-- verifysize -->
      </class> <!-- com.autonewtest.pages.Dress_Testpage -->
    </test> <!-- Test -->
  </suite> <!-- Suite -->
</testng-results>
